{"C:\\Users\\scoot\\Documents\\CS362\\run-for-your-life\\gamedev\\public_html\\leaderboard.js": {"path":"C:\\Users\\scoot\\Documents\\CS362\\run-for-your-life\\gamedev\\public_html\\leaderboard.js","statementMap":{"0":{"start":{"line":1,"column":0},"end":{"line":51,"column":3}},"1":{"start":{"line":2,"column":33},"end":{"line":2,"column":81}},"2":{"start":{"line":4,"column":4},"end":{"line":50,"column":5}},"3":{"start":{"line":6,"column":25},"end":{"line":6,"column":98}},"4":{"start":{"line":7,"column":24},"end":{"line":7,"column":45}},"5":{"start":{"line":10,"column":8},"end":{"line":10,"column":68}},"6":{"start":{"line":10,"column":31},"end":{"line":10,"column":66}},"7":{"start":{"line":13,"column":8},"end":{"line":13,"column":44}},"8":{"start":{"line":16,"column":8},"end":{"line":46,"column":11}},"9":{"start":{"line":17,"column":25},"end":{"line":17,"column":54}},"10":{"start":{"line":18,"column":12},"end":{"line":18,"column":39}},"11":{"start":{"line":20,"column":23},"end":{"line":20,"column":25}},"12":{"start":{"line":21,"column":26},"end":{"line":21,"column":28}},"13":{"start":{"line":22,"column":12},"end":{"line":34,"column":13}},"14":{"start":{"line":23,"column":16},"end":{"line":23,"column":54}},"15":{"start":{"line":24,"column":16},"end":{"line":24,"column":32}},"16":{"start":{"line":25,"column":16},"end":{"line":25,"column":35}},"17":{"start":{"line":26,"column":19},"end":{"line":34,"column":13}},"18":{"start":{"line":27,"column":16},"end":{"line":27,"column":55}},"19":{"start":{"line":28,"column":16},"end":{"line":28,"column":32}},"20":{"start":{"line":29,"column":16},"end":{"line":29,"column":35}},"21":{"start":{"line":30,"column":19},"end":{"line":34,"column":13}},"22":{"start":{"line":31,"column":16},"end":{"line":31,"column":54}},"23":{"start":{"line":32,"column":16},"end":{"line":32,"column":32}},"24":{"start":{"line":33,"column":16},"end":{"line":33,"column":35}},"25":{"start":{"line":37,"column":12},"end":{"line":43,"column":14}},"26":{"start":{"line":45,"column":12},"end":{"line":45,"column":51}},"27":{"start":{"line":49,"column":8},"end":{"line":49,"column":60}}},"fnMap":{"0":{"name":"(anonymous_0)","decl":{"start":{"line":1,"column":46},"end":{"line":1,"column":47}},"loc":{"start":{"line":1,"column":58},"end":{"line":51,"column":1}},"line":1},"1":{"name":"(anonymous_1)","decl":{"start":{"line":10,"column":21},"end":{"line":10,"column":22}},"loc":{"start":{"line":10,"column":31},"end":{"line":10,"column":66}},"line":10},"2":{"name":"(anonymous_2)","decl":{"start":{"line":16,"column":24},"end":{"line":16,"column":25}},"loc":{"start":{"line":16,"column":43},"end":{"line":46,"column":9}},"line":16}},"branchMap":{"0":{"loc":{"start":{"line":22,"column":12},"end":{"line":34,"column":13}},"type":"if","locations":[{"start":{"line":22,"column":12},"end":{"line":34,"column":13}},{"start":{"line":26,"column":19},"end":{"line":34,"column":13}}],"line":22},"1":{"loc":{"start":{"line":26,"column":19},"end":{"line":34,"column":13}},"type":"if","locations":[{"start":{"line":26,"column":19},"end":{"line":34,"column":13}},{"start":{"line":30,"column":19},"end":{"line":34,"column":13}}],"line":26},"2":{"loc":{"start":{"line":30,"column":19},"end":{"line":34,"column":13}},"type":"if","locations":[{"start":{"line":30,"column":19},"end":{"line":34,"column":13}},{"start":{},"end":{}}],"line":30}},"s":{"0":1,"1":3,"2":3,"3":3,"4":3,"5":3,"6":9,"7":3,"8":3,"9":12,"10":12,"11":12,"12":12,"13":12,"14":3,"15":3,"16":3,"17":9,"18":3,"19":3,"20":3,"21":6,"22":3,"23":3,"24":3,"25":12,"26":12,"27":0},"f":{"0":3,"1":9,"2":12},"b":{"0":[3,9],"1":[3,6],"2":[3,3]},"inputSourceMap":null,"_coverageSchema":"1a1c01bbd47fc00a2c39e90264f33305004495a9","hash":"2314d42e8dfce7a09524b603f14f107108c8e3b6"}
}
