{"C:\\Users\\scoot\\Documents\\CS362\\run-for-your-life\\gamedev\\public_html\\leaderboard.js": {"path":"C:\\Users\\scoot\\Documents\\CS362\\run-for-your-life\\gamedev\\public_html\\leaderboard.js","statementMap":{"0":{"start":{"line":2,"column":0},"end":{"line":50,"column":3}},"1":{"start":{"line":3,"column":33},"end":{"line":3,"column":81}},"2":{"start":{"line":6,"column":20},"end":{"line":11,"column":5}},"3":{"start":{"line":14,"column":4},"end":{"line":14,"column":46}},"4":{"start":{"line":14,"column":27},"end":{"line":14,"column":44}},"5":{"start":{"line":17,"column":4},"end":{"line":49,"column":7}},"6":{"start":{"line":18,"column":21},"end":{"line":18,"column":50}},"7":{"start":{"line":19,"column":8},"end":{"line":19,"column":35}},"8":{"start":{"line":22,"column":19},"end":{"line":22,"column":21}},"9":{"start":{"line":23,"column":22},"end":{"line":23,"column":24}},"10":{"start":{"line":24,"column":8},"end":{"line":36,"column":9}},"11":{"start":{"line":25,"column":12},"end":{"line":25,"column":50}},"12":{"start":{"line":26,"column":12},"end":{"line":26,"column":28}},"13":{"start":{"line":27,"column":12},"end":{"line":27,"column":31}},"14":{"start":{"line":28,"column":15},"end":{"line":36,"column":9}},"15":{"start":{"line":29,"column":12},"end":{"line":29,"column":51}},"16":{"start":{"line":30,"column":12},"end":{"line":30,"column":28}},"17":{"start":{"line":31,"column":12},"end":{"line":31,"column":31}},"18":{"start":{"line":32,"column":15},"end":{"line":36,"column":9}},"19":{"start":{"line":33,"column":12},"end":{"line":33,"column":50}},"20":{"start":{"line":34,"column":12},"end":{"line":34,"column":28}},"21":{"start":{"line":35,"column":12},"end":{"line":35,"column":31}},"22":{"start":{"line":39,"column":8},"end":{"line":45,"column":10}},"23":{"start":{"line":48,"column":8},"end":{"line":48,"column":47}}},"fnMap":{"0":{"name":"(anonymous_0)","decl":{"start":{"line":2,"column":46},"end":{"line":2,"column":47}},"loc":{"start":{"line":2,"column":52},"end":{"line":50,"column":1}},"line":2},"1":{"name":"(anonymous_1)","decl":{"start":{"line":14,"column":17},"end":{"line":14,"column":18}},"loc":{"start":{"line":14,"column":27},"end":{"line":14,"column":44}},"line":14},"2":{"name":"(anonymous_2)","decl":{"start":{"line":17,"column":20},"end":{"line":17,"column":21}},"loc":{"start":{"line":17,"column":39},"end":{"line":49,"column":5}},"line":17}},"branchMap":{"0":{"loc":{"start":{"line":24,"column":8},"end":{"line":36,"column":9}},"type":"if","locations":[{"start":{"line":24,"column":8},"end":{"line":36,"column":9}},{"start":{"line":28,"column":15},"end":{"line":36,"column":9}}],"line":24},"1":{"loc":{"start":{"line":28,"column":15},"end":{"line":36,"column":9}},"type":"if","locations":[{"start":{"line":28,"column":15},"end":{"line":36,"column":9}},{"start":{"line":32,"column":15},"end":{"line":36,"column":9}}],"line":28},"2":{"loc":{"start":{"line":32,"column":15},"end":{"line":36,"column":9}},"type":"if","locations":[{"start":{"line":32,"column":15},"end":{"line":36,"column":9}},{"start":{},"end":{}}],"line":32}},"s":{"0":1,"1":3,"2":3,"3":3,"4":18,"5":3,"6":12,"7":12,"8":12,"9":12,"10":12,"11":3,"12":3,"13":3,"14":9,"15":3,"16":3,"17":3,"18":6,"19":3,"20":3,"21":3,"22":12,"23":12},"f":{"0":3,"1":18,"2":12},"b":{"0":[3,9],"1":[3,6],"2":[3,3]},"inputSourceMap":null,"_coverageSchema":"1a1c01bbd47fc00a2c39e90264f33305004495a9","hash":"88ba4c4c9111a12fc6fd3d7c5d5f41cbf21f8181"}
}
