TN:
SF:public_html\leaderboard.js
FN:1,(anonymous_0)
FN:10,(anonymous_1)
FN:16,(anonymous_2)
FNF:3
FNH:3
FNDA:3,(anonymous_0)
FNDA:9,(anonymous_1)
FNDA:12,(anonymous_2)
DA:1,1
DA:2,3
DA:4,3
DA:6,3
DA:7,3
DA:10,9
DA:13,3
DA:16,3
DA:17,12
DA:18,12
DA:20,12
DA:21,12
DA:22,12
DA:23,3
DA:24,3
DA:25,3
DA:26,9
DA:27,3
DA:28,3
DA:29,3
DA:30,6
DA:31,3
DA:32,3
DA:33,3
DA:37,12
DA:45,12
DA:49,0
LF:27
LH:26
BRDA:22,0,0,3
BRDA:22,0,1,9
BRDA:26,1,0,3
BRDA:26,1,1,6
BRDA:30,2,0,3
BRDA:30,2,1,3
BRF:6
BRH:6
end_of_record
